2018-04-16 18:24:27,897 Instabot Started
2018-04-16 18:29:22,539 Instabot Started
2018-04-16 18:37:06,143 Instabot Started
2018-04-16 18:37:06,143 Not logged in.
2018-04-16 18:38:40,296 Instabot Started
2018-04-16 18:38:40,297 Not logged in.
2018-04-16 18:39:54,755 Instabot Started
2018-04-16 18:40:10,213 Instabot Started
2018-04-16 18:41:50,455 Instabot Started
2018-04-16 18:41:50,455 Not logged in.
2018-04-16 18:42:20,421 Instabot Started
2018-04-16 18:42:20,422 Not logged in.
2018-04-16 18:42:50,557 Instabot Started
2018-04-16 18:43:25,867 Instabot Started
2018-04-16 18:43:57,074 Instabot Started
2018-04-16 18:43:57,074 'Bot' object has no attribute 'session'
2018-04-16 18:44:36,601 Instabot Started
2018-04-16 18:44:36,601 'Bot' object has no attribute 'session'
2018-04-16 18:44:36,602 'Bot' object has no attribute 'session'
2018-04-16 18:45:23,310 Instabot Started
2018-04-16 18:45:23,310 'Bot' object has no attribute 'session'
2018-04-16 18:47:39,162 Instabot Started
2018-04-16 18:47:41,399 Request return 400 error!
2018-04-16 18:47:41,399 Instagram error message: The password you entered is incorrect. Please try again.
2018-04-16 18:47:41,400 Error type: bad_password
2018-04-16 18:47:41,400 Login or password is incorrect.
2018-04-16 18:48:04,654 Instabot Started
2018-04-16 18:48:12,767 Instabot Started
2018-04-16 18:48:15,595 Request return 400 error!
2018-04-16 18:48:15,596 Instagram error message: The password you entered is incorrect. Please try again.
2018-04-16 18:48:15,596 Error type: bad_password
2018-04-16 18:48:15,596 Login or password is incorrect.
2018-04-17 01:29:06,772 Instabot Started
2018-04-17 01:29:09,281 Request return 400 error!
2018-04-17 01:29:09,282 Instagram error message: The password you entered is incorrect. Please try again.
2018-04-17 01:29:09,282 Error type: bad_password
2018-04-17 01:29:09,282 Login or password is incorrect.
2018-04-17 02:34:58,386 Instabot Started
2018-04-17 02:36:38,874 Instabot Started
2018-04-17 03:05:17,990 Instabot Started
2018-04-17 03:49:01,155 Instabot Started
2018-04-17 03:49:49,990 Instabot Started
2018-04-17 03:53:09,647 Instabot Started
2018-04-17 03:53:44,136 Instabot Started
2018-04-17 03:53:54,183 Instabot Started
2018-04-17 03:54:12,574 Instabot Started
2018-04-17 03:54:24,925 Instabot Started
2018-04-17 03:54:30,474 Instabot Started
2018-04-17 03:54:39,147 Instabot Started
2018-04-17 03:54:42,524 Instabot Started
2018-04-17 03:54:56,194 Instabot Started
2018-04-17 03:56:15,682 Instabot Started
2018-04-17 03:56:23,279 Instabot Started
2018-04-17 03:56:35,215 Instabot Started
2018-04-17 03:57:05,094 Instabot Started
2018-04-17 03:57:14,372 Instabot Started
2018-04-17 03:57:52,377 Instabot Started
2018-04-17 04:00:08,713 Instabot Started
2018-04-17 04:00:18,632 Instabot Started
2018-04-17 04:00:26,608 Instabot Started
2018-04-17 04:00:44,839 Instabot Started
2018-04-17 04:00:59,468 Instabot Started
2018-04-17 04:01:45,341 Instabot Started
2018-04-17 04:01:55,837 Instabot Started
2018-04-17 04:02:04,052 Instabot Started
2018-04-17 04:06:35,191 Instabot Started
2018-04-17 04:07:22,067 Instabot Started
2018-04-17 04:07:38,828 Instabot Started
2018-04-17 04:08:39,260 Instabot Started
2018-04-17 04:08:57,567 Instabot Started
2018-04-17 04:10:17,698 Instabot Started
2018-04-17 04:13:09,800 Instabot Started
2018-04-17 04:14:01,458 Instabot Started
2018-04-17 04:14:05,073 Instabot Started
2018-04-17 04:15:03,305 Instabot Started
2018-04-17 04:15:36,734 Instabot Started
2018-04-17 04:16:02,211 Instabot Started
2018-04-17 04:28:25,494 Instabot Started
2018-04-17 04:28:31,907 Instabot Started
2018-04-17 04:28:57,261 Instabot Started
2018-04-17 04:41:08,613 Instabot Started
2018-04-17 04:41:32,113 Instabot Started
2018-04-17 04:48:49,926 Instabot Started
2018-04-17 04:51:26,660 Instabot Started
2018-04-17 04:51:33,842 Instabot Started
2018-04-17 04:53:42,594 Instabot Started
2018-04-17 04:53:54,787 Instabot Started
2018-04-17 04:53:58,667 Instabot Started
2018-04-17 04:54:35,730 Instabot Started
2018-04-17 04:54:49,266 Instabot Started
2018-04-17 04:55:05,819 Instabot Started
2018-04-17 04:55:17,074 Instabot Started
